[flat-v6] Starting at Fri Jan 30 03:03:45 PM MST 2026
  Processing 276 files with 8 parallel workers...
  [1/276] acquisitions-acquisitions-document-1.md
  [2/276] acquisitions-acquisitions-document-2.md
  [3/276] acquisitions-acquisitions-document-3.md
  [4/276] acquisitions-acquisitions-document-4.md
  [5/276] acquisitions-acquisitions-document-5.md
  [6/276] community-community-programs.md
  [7/276] community-corporate-citizenship.md
  [8/276] competitors-competitive-analysis.md
  [9/276] competitors-market-analysis.md
  [10/276] compliance-compliance-document-1.md
  [11/276] compliance-compliance-document-2.md
  [12/276] compliance-compliance-document-3.md
  [13/276] compliance-compliance-document-4.md
  [14/276] compliance-compliance-document-5.md
  [15/276] customer-implementations-customer-implementations-doc-10.md
  [16/276] customer-implementations-customer-implementations-doc-1.md
  [17/276] customer-implementations-customer-implementations-doc-2.md
  [18/276] customer-implementations-customer-implementations-doc-3.md
  [19/276] customer-implementations-customer-implementations-doc-4.md
  [20/276] customer-implementations-customer-implementations-doc-5.md
  [21/276] customer-implementations-customer-implementations-doc-6.md
  [22/276] customer-implementations-customer-implementations-doc-7.md
  [23/276] customer-implementations-customer-implementations-doc-8.md
  [24/276] customer-implementations-customer-implementations-doc-9.md
  [25/276] customers-case-studies.md
  [26/276] customers-consumer-demographics.md
  [27/276] customers-enterprise-accounts.md
  [28/276] customers-government-contracts.md
  [29/276] customers-healthcare-deployments.md
  [30/276] customers-manufacturing-clients.md
  [31/276] employees-directory-full.md
  [32/276] employees-directory-rnd.md
  [33/276] employees-engineering-team.md
  [34/276] employees-field-service-team.md
  [35/276] employees-key-personnel.md
  [36/276] employees-leadership-bios.md
  [37/276] employees-research-scientists.md
  [38/276] employees-sales-team.md
  [39/276] employees-team-prometheus.md
  [40/276] engineering-specs-engineering-specs-doc-10.md
  [41/276] engineering-specs-engineering-specs-doc-1.md
  [42/276] engineering-specs-engineering-specs-doc-2.md
  [43/276] engineering-specs-engineering-specs-doc-3.md
  [44/276] engineering-specs-engineering-specs-doc-4.md
  [45/276] engineering-specs-engineering-specs-doc-5.md
  [46/276] engineering-specs-engineering-specs-doc-6.md
  [47/276] engineering-specs-engineering-specs-doc-7.md
  [48/276] engineering-specs-engineering-specs-doc-8.md
  [49/276] engineering-specs-engineering-specs-doc-9.md
  [50/276] facilities-austin-campus.md
  [51/276] facilities-headquarters-campus.md
  [52/276] facilities-singapore-facility.md
  [53/276] financial-analysis-financial-analysis-doc-10.md
  [54/276] financial-analysis-financial-analysis-doc-1.md
  [55/276] financial-analysis-financial-analysis-doc-2.md
  [56/276] financial-analysis-financial-analysis-doc-3.md
  [57/276] financial-analysis-financial-analysis-doc-4.md
  [58/276] financial-analysis-financial-analysis-doc-5.md
  [59/276] financial-analysis-financial-analysis-doc-6.md
  [60/276] financial-analysis-financial-analysis-doc-7.md
  [61/276] financial-analysis-financial-analysis-doc-8.md
  [62/276] financial-analysis-financial-analysis-doc-9.md
  [63/276] financial-annual-report-2123.md
  [64/276] financial-budget.md
  [65/276] financial-capital-allocation.md
  [66/276] financial-investor-presentations.md
  [67/276] financial-quarterly-report-q2-2124.md
  [68/276] financial-quarterly-report-q3-2124.md
  [69/276] financial-quarterly-reports.md
  [70/276] financial-segment-analysis.md
  [71/276] governance-board-charter.md
  [72/276] history-acquisition-neurosync.md
  [73/276] history-founding.md
  [74/276] history-founding-story.md
  [75/276] history-major-milestones.md
  [76/276] history-milestones.md
  [77/276] hr-benefits-guide.md
  [78/276] hr-compensation-philosophy.md
  [79/276] hr-diversity-inclusion.md
  [80/276] hr-performance-management.md
  [81/276] incidents-incidents-document-1.md
  [82/276] incidents-incidents-document-2.md
  [83/276] incidents-incidents-document-3.md
  [84/276] incidents-incidents-document-4.md
  [85/276] incidents-incidents-document-5.md
  [86/276] innovation-innovation-document-1.md
  [87/276] innovation-innovation-document-2.md
  [88/276] innovation-innovation-document-3.md
  [89/276] innovation-innovation-document-4.md
  [90/276] innovation-innovation-document-5.md
  [91/276] international-international-doc-1.md
  [92/276] international-international-doc-2.md
  [93/276] international-international-doc-3.md
  [94/276] international-international-doc-4.md
  [95/276] international-international-doc-5.md
  [96/276] investor-investor-relations.md
  [97/276] investor-shareholder-communications.md
  [98/276] legal-compliance-framework.md
  [99/276] legal-intellectual-property.md
  [100/276] legal-privacy-policy.md
  [101/276] legal-regulatory-compliance.md
  [102/276] legal-terms-of-service.md
  [103/276] manufacturing-ops-manufacturing-ops-doc-10.md
  [104/276] manufacturing-ops-manufacturing-ops-doc-1.md
  [105/276] manufacturing-ops-manufacturing-ops-doc-2.md
  [106/276] manufacturing-ops-manufacturing-ops-doc-3.md
  [107/276] manufacturing-ops-manufacturing-ops-doc-4.md
  [108/276] manufacturing-ops-manufacturing-ops-doc-5.md
  [109/276] manufacturing-ops-manufacturing-ops-doc-6.md
  [110/276] manufacturing-ops-manufacturing-ops-doc-7.md
  [111/276] manufacturing-ops-manufacturing-ops-doc-8.md
  [112/276] manufacturing-ops-manufacturing-ops-doc-9.md
  [113/276] marketing-brand-guidelines.md
  [114/276] marketing-campaign-history.md
  [115/276] marketing-market-research.md
  [116/276] market-intelligence-market-intelligence-doc-10.md
  [117/276] market-intelligence-market-intelligence-doc-1.md
  [118/276] market-intelligence-market-intelligence-doc-2.md
  [119/276] market-intelligence-market-intelligence-doc-3.md
  [120/276] market-intelligence-market-intelligence-doc-4.md
  [121/276] market-intelligence-market-intelligence-doc-5.md
  [122/276] market-intelligence-market-intelligence-doc-6.md
  [123/276] market-intelligence-market-intelligence-doc-7.md
  [124/276] market-intelligence-market-intelligence-doc-8.md
  [125/276] market-intelligence-market-intelligence-doc-9.md
  [126/276] meetings-all-hands-transcripts.md
  [127/276] meetings-board-meetings-2124.md
  [128/276] meetings-board-q2-2124.md
  [129/276] meetings-board-q3-2124.md
  [130/276] meetings-ethics-committee.md
  [131/276] meetings-executive-committee-2024-10-14.md
  [132/276] meetings-executive-committee.md
  [133/276] meetings-product-reviews.md
  [134/276] meetings-prometheus-weekly-2024-10-21.md
  [135/276] operations-disaster-recovery.md
  [136/276] operations-environmental-health-safety.md
  [137/276] operations-excellence-operations-excellence-doc-10.md
  [138/276] operations-excellence-operations-excellence-doc-1.md
  [139/276] operations-excellence-operations-excellence-doc-2.md
  [140/276] operations-excellence-operations-excellence-doc-3.md
  [141/276] operations-excellence-operations-excellence-doc-4.md
  [142/276] operations-excellence-operations-excellence-doc-5.md
  [143/276] operations-excellence-operations-excellence-doc-6.md
  [144/276] operations-excellence-operations-excellence-doc-7.md
  [145/276] operations-excellence-operations-excellence-doc-8.md
  [146/276] operations-excellence-operations-excellence-doc-9.md
  [147/276] operations-quality-management.md
  [148/276] operations-supply-chain.md
  [149/276] organization-departments.md
  [150/276] organization-executives.md
  [151/276] organization-facilities.md
  [152/276] partnerships-partnerships-document-1.md
  [153/276] partnerships-partnerships-document-2.md
  [154/276] partnerships-partnerships-document-3.md
  [155/276] partnerships-partnerships-document-4.md
  [156/276] partnerships-partnerships-document-5.md
  [157/276] partners-strategic-alliances.md
  [158/276] partners-strategic-partnerships.md
  [159/276] patents-patents-document-1.md
  [160/276] patents-patents-document-2.md
  [161/276] patents-patents-document-3.md
  [162/276] patents-patents-document-4.md
  [163/276] patents-patents-document-5.md
  [164/276] policies-ai-ethics-policy.md
  [165/276] policies-consciousness-rights.md
  [166/276] policies-crisis-management.md
  [167/276] policies-data-governance.md
  [168/276] policies-data-privacy-policy.md
  [169/276] policies-research-ethics.md
  [170/276] policies-vendor-management.md
  [171/276] products-accessory-catalog.md
  [172/276] products-iap-platform.md
  [173/276] products-iap-specifications.md
  [174/276] products-nim-clinical-guide.md
  [175/276] products-nim-series.md
  [176/276] products-pcs-500-manual.md
  [177/276] products-pcs-series.md
  [178/276] products-product-roadmap.md
  [179/276] products-sce-platform.md
  [180/276] projects-atlas-infrastructure.md
  [181/276] projects-completed-projects.md
  [182/276] projects-hermes-logistics.md
  [183/276] projects-prometheus-detailed.md
  [184/276] projects-research-initiatives.md
  [185/276] rd-quarterly-rd-quarterly-doc-10.md
  [186/276] rd-quarterly-rd-quarterly-doc-1.md
  [187/276] rd-quarterly-rd-quarterly-doc-2.md
  [188/276] rd-quarterly-rd-quarterly-doc-3.md
  [189/276] rd-quarterly-rd-quarterly-doc-4.md
  [190/276] rd-quarterly-rd-quarterly-doc-5.md
  [191/276] rd-quarterly-rd-quarterly-doc-6.md
  [192/276] rd-quarterly-rd-quarterly-doc-7.md
  [193/276] rd-quarterly-rd-quarterly-doc-8.md
  [194/276] rd-quarterly-rd-quarterly-doc-9.md
  [195/276] regional-regional-document-1.md
  [196/276] regional-regional-document-2.md
  [197/276] regional-regional-document-3.md
  [198/276] regional-regional-document-4.md
  [199/276] regional-regional-document-5.md
  [200/276] regions-americas.md
  [201/276] regions-asia-pacific-detailed.md
  [202/276] regions-asia-pacific.md
  [203/276] regions-emea-operations.md
  [204/276] regions-europe.md
  [205/276] regions-global-supply-chain.md
  [206/276] regions-international-compliance.md
  [207/276] regions-latin-america.md
  [208/276] regions-north-america.md
  [209/276] regulatory-compliance-regulatory-compliance-doc-10.md
  [210/276] regulatory-compliance-regulatory-compliance-doc-1.md
  [211/276] regulatory-compliance-regulatory-compliance-doc-2.md
  [212/276] regulatory-compliance-regulatory-compliance-doc-3.md
  [213/276] regulatory-compliance-regulatory-compliance-doc-4.md
  [214/276] regulatory-compliance-regulatory-compliance-doc-5.md
  [215/276] regulatory-compliance-regulatory-compliance-doc-6.md
  [216/276] regulatory-compliance-regulatory-compliance-doc-7.md
  [217/276] regulatory-compliance-regulatory-compliance-doc-8.md
  [218/276] regulatory-compliance-regulatory-compliance-doc-9.md
  [219/276] research-consciousness-research.md
  [220/276] research-research-publications.md
  [221/276] sales-channel-partner-program.md
  [222/276] sales-enterprise-pricing.md
  [223/276] security-cybersecurity-policy.md
  [224/276] strategic-planning-strategic-planning-doc-10.md
  [225/276] strategic-planning-strategic-planning-doc-1.md
  [226/276] strategic-planning-strategic-planning-doc-2.md
  [227/276] strategic-planning-strategic-planning-doc-3.md
  [228/276] strategic-planning-strategic-planning-doc-4.md
  [229/276] strategic-planning-strategic-planning-doc-5.md
  [230/276] strategic-planning-strategic-planning-doc-6.md
  [231/276] strategic-planning-strategic-planning-doc-7.md
  [232/276] strategic-planning-strategic-planning-doc-8.md
  [233/276] strategic-planning-strategic-planning-doc-9.md
  [234/276] strategic-planning-strategic-planning-report-1.md
  [235/276] supply-chain-supply-chain-document-1.md
  [236/276] supply-chain-supply-chain-document-2.md
  [237/276] supply-chain-supply-chain-document-3.md
  [238/276] supply-chain-supply-chain-document-4.md
  [239/276] supply-chain-supply-chain-document-5.md
  [240/276] support-customer-service.md
  [241/276] sustainability-sustainability-document-1.md
  [242/276] sustainability-sustainability-document-2.md
  [243/276] sustainability-sustainability-document-3.md
  [244/276] sustainability-sustainability-document-4.md
  [245/276] sustainability-sustainability-document-5.md
  [246/276] talent-development-talent-development-doc-10.md
  [247/276] talent-development-talent-development-doc-1.md
  [248/276] talent-development-talent-development-doc-2.md
  [249/276] talent-development-talent-development-doc-3.md
  [250/276] talent-development-talent-development-doc-4.md
  [251/276] talent-development-talent-development-doc-5.md
  [252/276] talent-development-talent-development-doc-6.md
  [253/276] talent-development-talent-development-doc-7.md
  [254/276] talent-development-talent-development-doc-8.md
  [255/276] talent-development-talent-development-doc-9.md
  [256/276] technical-actuator-design.md
  [257/276] technical-api-documentation.md
  [258/276] technical-api-reference.md
  [259/276] technical-architecture.md
  [260/276] technical-engineering-standards.md
  [261/276] technical-manufacturing-processes.md
  [262/276] technical-neural-pathway-mapping.md
  [263/276] technical-positronic-theory.md
  [264/276] technical-product-specifications.md
  [265/276] technical-sce-operating-system.md
  [266/276] technical-security-protocols.md
  [267/276] technical-sensor-systems.md
  [268/276] technical-system-architecture.md
  [269/276] training-employee-handbook.md
  [270/276] training-leadership-development.md
  [271/276] training-technical-certification.md
  [272/276] training-training-document-1.md
  [273/276] training-training-document-2.md
  [274/276] training-training-document-3.md
  [275/276] training-training-document-4.md
  [276/276] training-training-document-5.md
[flat-v6] Complete at Fri Jan 30 03:06:26 PM MST 2026 - 27475 words
