
[flat-v5-v5.5 / classic]
  [ 1/92] flat-v5-v5.5       classic NAV-001    ... ✓
  [ 2/92] flat-v5-v5.5       classic NAV-002    ... ✓
  [ 3/92] flat-v5-v5.5       classic NAV-003    ... ✓
  [ 4/92] flat-v5-v5.5       classic NAV-004    ... ✓
  [ 5/92] flat-v5-v5.5       classic NAV-005    ... ✓
  [ 6/92] flat-v5-v5.5       classic NAV-006    ... ✓
  [ 7/92] flat-v5-v5.5       classic NAV-007    ... ✓
  [ 8/92] flat-v5-v5.5       classic NAV-008    ... ✓
  [ 9/92] flat-v5-v5.5       classic NAV-009    ... ✓
  [10/92] flat-v5-v5.5       classic NAV-010    ... ✓
  [11/92] flat-v5-v5.5       classic XREF-001   ... ✓
  [12/92] flat-v5-v5.5       classic XREF-002   ... ✓
  [13/92] flat-v5-v5.5       classic XREF-003   ... ✓
  [14/92] flat-v5-v5.5       classic XREF-004   ... ✓
  [15/92] flat-v5-v5.5       classic XREF-005   ... ✓
  [16/92] flat-v5-v5.5       classic XREF-006   ... ✓
  [17/92] flat-v5-v5.5       classic XREF-007   ... ✓
  [18/92] flat-v5-v5.5       classic XREF-008   ... ✓
  [19/92] flat-v5-v5.5       classic DEPTH-001  ... ✓
  [20/92] flat-v5-v5.5       classic DEPTH-002  ... ✓
  [21/92] flat-v5-v5.5       classic DEPTH-003  ... ✓
  [22/92] flat-v5-v5.5       classic DEPTH-004  ... ✓
  [23/92] flat-v5-v5.5       classic DEPTH-005  ... ✓

[flat-v5-v5.5 / adddir]
  [24/92] flat-v5-v5.5       adddir  NAV-001    ... ✓
  [25/92] flat-v5-v5.5       adddir  NAV-002    ... ✓
