=== Building V6 Corpus (Target: 600K words) ===
Start: Fri Jan 30 12:05:12 PM MST 2026
Current: 302662 words
Target: 600000 words
Need to add: 297338 words

Generating content for: partnerships
  Generating document 1...
    Generated: 588 words
  Generating document 2...
    Generated: 739 words
  Generating document 3...
    Generated: 776 words
  Generating document 4...
    Generated: 731 words
  Generating document 5...
    Generated: 755 words
Generating content for: supply-chain
  Generating document 1...
    Generated: 623 words
  Generating document 2...
    Generated: 1016 words
  Generating document 3...
    Generated: 646 words
  Generating document 4...
    Generated: 767 words
  Generating document 5...
    Generated: 888 words
Generating content for: patents
  Generating document 1...
    Generated: 800 words
  Generating document 2...
    Generated: 640 words
  Generating document 3...
    Generated: 1013 words
  Generating document 4...
    Generated: 646 words
  Generating document 5...
    Generated: 853 words
Generating content for: sustainability
  Generating document 1...
    Generated: 729 words
  Generating document 2...
    Generated: 671 words
  Generating document 3...
    Generated: 594 words
  Generating document 4...
    Generated: 929 words
  Generating document 5...
    Generated: 842 words
Generating content for: training
  Generating document 1...
    Generated: 528 words
  Generating document 2...
    Generated: 774 words
  Generating document 3...
    Generated: 664 words
  Generating document 4...
    Generated: 712 words
  Generating document 5...
    Generated: 840 words
Generating content for: incidents
  Generating document 1...
    Generated: 698 words
  Generating document 2...
    Generated: 710 words
  Generating document 3...
    Generated: 1410 words
  Generating document 4...
    Generated: 703 words
  Generating document 5...
    Generated: 902 words
Generating content for: acquisitions
  Generating document 1...
    Generated: 635 words
  Generating document 2...
    Generated: 539 words
  Generating document 3...
    Generated: 529 words
  Generating document 4...
    Generated: 668 words
  Generating document 5...
    Generated: 887 words
Generating content for: regional
  Generating document 1...
    Generated: 804 words
  Generating document 2...
    Generated: 775 words
  Generating document 3...
    Generated: 328 words
  Generating document 4...
    Failed to generate /home/davidmoneil/Code/context-structure-research/soong-daystrom/_source-v6/regional/regional-document-4.md
  Generating document 5...
    Failed to generate /home/davidmoneil/Code/context-structure-research/soong-daystrom/_source-v6/regional/regional-document-5.md
Generating content for: compliance
  Generating document 1...
    Failed to generate /home/davidmoneil/Code/context-structure-research/soong-daystrom/_source-v6/compliance/compliance-document-1.md
  Generating document 2...
    Failed to generate /home/davidmoneil/Code/context-structure-research/soong-daystrom/_source-v6/compliance/compliance-document-2.md
  Generating document 3...
    Failed to generate /home/davidmoneil/Code/context-structure-research/soong-daystrom/_source-v6/compliance/compliance-document-3.md
  Generating document 4...
    Failed to generate /home/davidmoneil/Code/context-structure-research/soong-daystrom/_source-v6/compliance/compliance-document-4.md
  Generating document 5...
    Failed to generate /home/davidmoneil/Code/context-structure-research/soong-daystrom/_source-v6/compliance/compliance-document-5.md
Generating content for: innovation
  Generating document 1...
    Failed to generate /home/davidmoneil/Code/context-structure-research/soong-daystrom/_source-v6/innovation/innovation-document-1.md
  Generating document 2...
    Failed to generate /home/davidmoneil/Code/context-structure-research/soong-daystrom/_source-v6/innovation/innovation-document-2.md
  Generating document 3...
    Failed to generate /home/davidmoneil/Code/context-structure-research/soong-daystrom/_source-v6/innovation/innovation-document-3.md
  Generating document 4...
    Failed to generate /home/davidmoneil/Code/context-structure-research/soong-daystrom/_source-v6/innovation/innovation-document-4.md
  Generating document 5...
    Failed to generate /home/davidmoneil/Code/context-structure-research/soong-daystrom/_source-v6/innovation/innovation-document-5.md

=== V6 Build Complete ===
Final word count: 331014
End: Fri Jan 30 12:40:57 PM MST 2026
