===================================================
  V5 Enhancement Test: deep-v5-v5.4
===================================================

Testing 5 failed questions × 2 loading methods
Total tests: 10
Results: /home/davidmoneil/Code/context-structure-research/results/v5-enhancements/raw

Start: Fri Jan 30 12:41:13 PM MST 2026
---------------------------------------------------

[deep-v5-v5.4 / classic]
  [ 1/10] deep-v5-v5.4         classic XREF-002   ... ✓
  [ 2/10] deep-v5-v5.4         classic XREF-003   ... ✓
  [ 3/10] deep-v5-v5.4         classic XREF-006   ... ✓
  [ 4/10] deep-v5-v5.4         classic DEPTH-004  ... ✓
  [ 5/10] deep-v5-v5.4         classic DEPTH-005  ... ✓

[deep-v5-v5.4 / adddir]
  [ 6/10] deep-v5-v5.4         adddir  XREF-002   ... ✓
  [ 7/10] deep-v5-v5.4         adddir  XREF-003   ... ✓
  [ 8/10] deep-v5-v5.4         adddir  XREF-006   ... ✓
  [ 9/10] deep-v5-v5.4         adddir  DEPTH-004  ... ✓
  [10/10] deep-v5-v5.4         adddir  DEPTH-005  ... ✓

===================================================
  deep-v5-v5.4 Tests Complete
===================================================
  Total: 10
  Duration: 13 minutes
===================================================
